
==================================================
TIMESTAMP: 2026-01-13 15:16:19
BATCH: 1/11
STATUS: SUCCESS
INPUT LENGTH: 1453 chars
EXTRACTED ITEMS: 1
-------------------- FULL INPUT CONTENT --------------------
[Bán](https://batdongsan.com.vn/nha-dat-ban "Nhà đất bán tại Việt Nam")/[Tất cả BĐS trên toàn quốc](https://batdongsan.com.vn/nha-dat-ban "Nhà đất bán tại Việt Nam")
# Mua bán nhà đất trên toàn quốc
Hiện có 204.894 bất động sản.
Mặc định
  * Mặc định
  * Tin xác thực xếp trước
  * Giá thấp đến cao
  * Giá cao đến thấp
  * Giá/m² thấp đến cao
  * Giá/m² cao đến thấp
  * Diện tích nhỏ đến lớn
  * Diện tích lớn đến nhỏ


### [ CHIẾT KHẤU 27-32%, QUỸ CĂN ĐẸP VÀ RẺ NHẤT DỰ ÁN, NỘP 30% NHẬN NHÀ. LIÊN HỆ 0942 906 *** XEM DỰ ÁN Ạ  17,4 tỷ · 120 m² · 145 tr/m² · 7 · Văn Giang, Hưng Yên CHIẾT KHẤU 27-32%, QUỸ CĂN ĐẸP VÀ RẺ NHẤT DỰ ÁN, NỘP 30% NHẬN NHÀ. GỌI XEM DỰ ÁN - Quý khách hàng chỉ cần bỏ ra 30% vốn tự có là nhận nhà ở luôn, còn lại 70% ngân hàng giải ngân miễn lãi và gốc trong 2 năm - Khách hàng ko vay chiết khấu lên đến 20-25% tuỳ quỹ căn của chủ đầu tư Quý khách hàng liên sớm để được tư vấn chọn căn vị trí đẹp, giá rẻ và dẫn xem thực tế từng căn của dự án HOTLINE PHỤ TRÁCH BÁN HÀNG: 0942 906 *** 0985 262 ***. MR HÙNGT...  ![](https://file4.batdongsan.com.vn/resize/200x200/2025/10/23/20251023103146-f33a.jpg) ‎Thế Hùng  Đăng hôm nay  0985 262 *** · Hiện số ](https://batdongsan.com.vn/ban-nha-biet-thu-lien-ke-xa-long-hung-prj-vinhomes-ocean-park-2/chiet-khau-20-25-quy-can-dep-va-re-t-du-an-nop-30-n-goi-xem-du-an-pr44861715 "CHIẾT KHẤU 27-32%, QUỸ CĂN ĐẸP VÀ RẺ NHẤT DỰ ÁN, NỘP 30% NHẬN NHÀ. LIÊN HỆ 0942 906 *** XEM DỰ ÁN Ạ")
==================================================

==================================================
TIMESTAMP: 2026-01-13 15:17:18
BATCH: 2/11
STATUS: SUCCESS
INPUT LENGTH: 788 chars
EXTRACTED ITEMS: 1
-------------------- FULL INPUT CONTENT --------------------
[ 2,55 tỷ · 100 m² · 25,5 tr/m² · Quốc Oai, Hà Nội Em có lô đất đẹp ngay chợ, gần QL21 tại Phú Cát, Quốc Oai, Hòa Lạc, vị trí gần QL21A, gần FPT, ĐHQG. Đất khu công nghệ cao Hòa Lạc. Diện tích 100m², sẵn sổ đỏ, giá ưu đãi 2,55 tỷ, mặt tiền 8m. Giao thông thuận tiện, đi 2 phút ra tới chợ Long Phú, Quốc Oai. Ra tới QL21 chỉ 800m, nơi có tuyến tàu điện Metro 12 chạy qua. Đợt này quỹ hàng đẹp đang hết dần do nhà đầu tư săn tìm, số lượng có hạn, em gửi thông tin sớm để anh/chị mình tham khảo và chọn đ...  ![](https://file4.batdongsan.com.vn/resize/200x200/2026/01/12/20260112141020-3509.jpg) ‎Minh Đạt  Đăng hôm nay  0375 750 *** · Hiện số ](https://batdongsan.com.vn/ban-dat-xa-phu-cat-1/gia-chuan-2-5-ty-do-thi-hoa-lac-gan-ngay-ql21-va-metro-12-dien-tich-100m-mat-tien-8m-pr45009949)
==================================================
